<?xml version="1.0" encoding="UTF-8"?>
<!-- Generated by org.testng.reporters.JUnitXMLReporter -->
<testsuite hostname="SANDIP" ignored="1" name="Regression suite 1" tests="2" failures="0" timestamp="11 Jun 2018 10:53:00 GMT" time="48.953" errors="0">
  <testcase name="hotelClickCheck" time="2.337" classname="com.Test_Scripts.HotelTest"/>
  <testcase name="userLoginValidation" time="5.454" classname="com.Test_Scripts.SignOnTest"/>
  <testcase name="flightLinkCheck" time="0.0" classname="com.Test_Scripts.FlightTest">
    <ignored/>
  </testcase> <!-- flightLinkCheck -->
</testsuite> <!-- Regression suite 1 -->
