<?xml version="1.0" encoding="UTF-8"?>
<testng-results skipped="0" failed="0" ignored="0" total="1" passed="1">
  <reporter-output>
  </reporter-output>
  <suite name="Failed suite [NewToursTesting]" duration-ms="18471" started-at="2018-06-22T01:35:35Z" finished-at="2018-06-22T01:35:54Z">
    <groups>
    </groups>
    <test name="Regression suite 1(failed)" duration-ms="18471" started-at="2018-06-22T01:35:35Z" finished-at="2018-06-22T01:35:54Z">
      <class name="com.Test_Scripts.FlightTest">
        <test-method status="PASS" signature="beforeMethod()[pri:0, instance:com.Test_Scripts.FlightTest@4b553d26]" name="beforeMethod" is-config="true" duration-ms="13236" started-at="2018-06-22T01:35:35Z" finished-at="2018-06-22T01:35:48Z">
          <reporter-output>
          </reporter-output>
        </test-method> <!-- beforeMethod -->
        <test-method status="PASS" signature="flightLinkCheck()[pri:0, instance:com.Test_Scripts.FlightTest@4b553d26]" name="flightLinkCheck" duration-ms="3716" started-at="2018-06-22T01:35:48Z" finished-at="2018-06-22T01:35:52Z">
          <reporter-output>
          </reporter-output>
        </test-method> <!-- flightLinkCheck -->
        <test-method status="PASS" signature="afterMethod()[pri:0, instance:com.Test_Scripts.FlightTest@4b553d26]" name="afterMethod" is-config="true" duration-ms="1503" started-at="2018-06-22T01:35:52Z" finished-at="2018-06-22T01:35:54Z">
          <reporter-output>
          </reporter-output>
        </test-method> <!-- afterMethod -->
      </class> <!-- com.Test_Scripts.FlightTest -->
    </test> <!-- Regression suite 1(failed) -->
  </suite> <!-- Failed suite [NewToursTesting] -->
</testng-results>
